0 info it worked if it ends with ok
1 verbose cli [ '/Users/hugo/.nvm/versions/node/v6.11.3/bin/node',
1 verbose cli   '/Users/hugo/.nvm/versions/node/v6.11.3/bin/npm',
1 verbose cli   'run',
1 verbose cli   'search',
1 verbose cli   'graphql' ]
2 info using npm@3.10.10
3 info using node@v6.11.3
4 verbose run-script [ 'presearch', 'search', 'postsearch' ]
5 info lifecycle @~presearch: @
6 silly lifecycle @~presearch: no script for presearch, continuing
7 info lifecycle @~search: @
8 verbose lifecycle @~search: unsafe-perm in lifecycle true
9 verbose lifecycle @~search: PATH: /Users/hugo/.nvm/versions/node/v6.11.3/lib/node_modules/npm/bin/node-gyp-bin:/Users/hugo/Sites/release-search/node_modules/.bin:/Users/hugo/.nvm/versions/node/v6.11.3/bin:/Library/Frameworks/Python.framework/Versions/3.6/bin:/Users/hugo/.rvm/gems/ruby-2.4.0-rc1/bin:/Users/hugo/.rvm/gems/ruby-2.4.0-rc1@global/bin:/Users/hugo/.rvm/rubies/ruby-2.4.0-rc1/bin:/usr/local/bin:/usr/bin:/bin:/usr/sbin:/sbin:/Users/hugo/.rvm/bin
10 verbose lifecycle @~search: CWD: /Users/hugo/Sites/release-search
11 silly lifecycle @~search: Args: [ '-c', 'node src/index.js --search "graphql"' ]
12 silly lifecycle @~search: Returned: code: 1  signal: null
13 info lifecycle @~search: Failed to exec search script
14 verbose stack Error: @ search: `node src/index.js --search "graphql"`
14 verbose stack Exit status 1
14 verbose stack     at EventEmitter.<anonymous> (/Users/hugo/.nvm/versions/node/v6.11.3/lib/node_modules/npm/lib/utils/lifecycle.js:255:16)
14 verbose stack     at emitTwo (events.js:106:13)
14 verbose stack     at EventEmitter.emit (events.js:191:7)
14 verbose stack     at ChildProcess.<anonymous> (/Users/hugo/.nvm/versions/node/v6.11.3/lib/node_modules/npm/lib/utils/spawn.js:40:14)
14 verbose stack     at emitTwo (events.js:106:13)
14 verbose stack     at ChildProcess.emit (events.js:191:7)
14 verbose stack     at maybeClose (internal/child_process.js:920:16)
14 verbose stack     at Process.ChildProcess._handle.onexit (internal/child_process.js:230:5)
15 verbose pkgid @
16 verbose cwd /Users/hugo/Sites/release-search
17 error Darwin 16.3.0
18 error argv "/Users/hugo/.nvm/versions/node/v6.11.3/bin/node" "/Users/hugo/.nvm/versions/node/v6.11.3/bin/npm" "run" "search" "graphql"
19 error node v6.11.3
20 error npm  v3.10.10
21 error code ELIFECYCLE
22 error @ search: `node src/index.js --search "graphql"`
22 error Exit status 1
23 error Failed at the @ search script 'node src/index.js --search "graphql"'.
23 error Make sure you have the latest version of node.js and npm installed.
23 error If you do, this is most likely a problem with the  package,
23 error not with npm itself.
23 error Tell the author that this fails on your system:
23 error     node src/index.js --search "graphql"
23 error You can get information on how to open an issue for this project with:
23 error     npm bugs
23 error Or if that isn't available, you can get their info via:
23 error     npm owner ls
23 error There is likely additional logging output above.
24 verbose exit [ 1, true ]
